This file contains any messages produced by compilers while
running configure, to aid debugging if configure makes a mistake.

It was created by configure, which was
generated by GNU Autoconf 2.69.  Invocation command line was

  $ ./configure --with-zlib-dir=/home/linuxbrew/.linuxbrew/Cellar/zlib/1.2.11/

## --------- ##
## Platform. ##
## --------- ##

hostname = LAPTOP-IQT7DHVR
uname -m = x86_64
uname -r = 4.4.0-19041-Microsoft
uname -s = Linux
uname -v = #1237-Microsoft Sat Sep 11 14:32:00 PST 2021

/usr/bin/uname -p = x86_64
/bin/uname -X     = unknown

/bin/arch              = x86_64
/usr/bin/arch -k       = unknown
/usr/convex/getsysinfo = unknown
/usr/bin/hostinfo      = unknown
/bin/machine           = unknown
/usr/bin/oslevel       = unknown
/bin/universe          = unknown

PATH: /home/linuxbrew/.linuxbrew/bin
PATH: /home/linuxbrew/.linuxbrew/sbin
PATH: /usr/local/sbin
PATH: /usr/local/bin
PATH: /usr/sbin
PATH: /usr/bin
PATH: /sbin
PATH: /bin
PATH: /usr/games
PATH: /usr/local/games
PATH: /mnt/c/Program Files/WindowsApps/CanonicalGroupLimited.UbuntuonWindows_2004.2021.825.0_x64__79rhkp1fndgsc
PATH: /mnt/c/Python310/Scripts/
PATH: /mnt/c/Python310/
PATH: /mnt/c/windows/system32
PATH: /mnt/c/windows
PATH: /mnt/c/windows/System32/Wbem
PATH: /mnt/c/windows/System32/WindowsPowerShell/v1.0/
PATH: /mnt/c/windows/System32/OpenSSH/
PATH: /mnt/c/Program Files (x86)/NVIDIA Corporation/PhysX/Common
PATH: /mnt/c/Program Files/NVIDIA Corporation/NVIDIA NvDLISR
PATH: /mnt/c/php
PATH: /mnt/c/ProgramData/ComposerSetup/bin
PATH: /mnt/c/ProgramData/chocolatey/bin
PATH: /mnt/c/Program Files (x86)/Yarn/bin/
PATH: /mnt/c/Program Files/nodejs/
PATH: /mnt/c/Users/tomor/AppData/Local/Microsoft/WindowsApps
PATH: /mnt/c/Users/tomor/AppData/Local/Programs/Microsoft VS Code/bin
PATH: /mnt/c/Users/tomor/AppData/Local/atom/bin
PATH: /mnt/c/Program Files/heroku/bin
PATH: /mnt/c/Users/tomor/AppData/Local/GitHubDesktop/bin
PATH: /mnt/c/Users/tomor/AppData/Roaming/Composer/vendor/bin
PATH: /mnt/c/Users/tomor/AppData/Local/Yarn/bin
PATH: /mnt/c/Users/tomor/AppData/Roaming/npm
PATH: /snap/bin


## ----------- ##
## Core tests. ##
## ----------- ##

configure:2362: checking for grep that handles long lines and -e
configure:2420: result: /usr/bin/grep
configure:2425: checking for egrep
configure:2487: result: /usr/bin/grep -E
configure:2492: checking for a sed that does not truncate output
configure:2556: result: /usr/bin/sed
configure:2695: checking for pkg-config
configure:2728: result: no
configure:2815: checking for cc
configure:2831: found /usr/bin/cc
configure:2842: result: cc
configure:2873: checking for C compiler version
configure:2882: cc --version >&5
cc (Ubuntu 9.3.0-17ubuntu1~20.04) 9.3.0
Copyright (C) 2019 Free Software Foundation, Inc.
This is free software; see the source for copying conditions.  There is NO
warranty; not even for MERCHANTABILITY or FITNESS FOR A PARTICULAR PURPOSE.

configure:2893: $? = 0
configure:2882: cc -v >&5
Using built-in specs.
COLLECT_GCC=cc
COLLECT_LTO_WRAPPER=/usr/lib/gcc/x86_64-linux-gnu/9/lto-wrapper
OFFLOAD_TARGET_NAMES=nvptx-none:hsa
OFFLOAD_TARGET_DEFAULT=1
Target: x86_64-linux-gnu
Configured with: ../src/configure -v --with-pkgversion='Ubuntu 9.3.0-17ubuntu1~20.04' --with-bugurl=file:///usr/share/doc/gcc-9/README.Bugs --enable-languages=c,ada,c++,go,brig,d,fortran,objc,obj-c++,gm2 --prefix=/usr --with-gcc-major-version-only --program-suffix=-9 --program-prefix=x86_64-linux-gnu- --enable-shared --enable-linker-build-id --libexecdir=/usr/lib --without-included-gettext --enable-threads=posix --libdir=/usr/lib --enable-nls --enable-clocale=gnu --enable-libstdcxx-debug --enable-libstdcxx-time=yes --with-default-libstdcxx-abi=new --enable-gnu-unique-object --disable-vtable-verify --enable-plugin --enable-default-pie --with-system-zlib --with-target-system-zlib=auto --enable-objc-gc=auto --enable-multiarch --disable-werror --with-arch-32=i686 --with-abi=m64 --with-multilib-list=m32,m64,mx32 --enable-multilib --with-tune=generic --enable-offload-targets=nvptx-none=/build/gcc-9-HskZEa/gcc-9-9.3.0/debian/tmp-nvptx/usr,hsa --without-cuda-driver --enable-checking=release --build=x86_64-linux-gnu --host=x86_64-linux-gnu --target=x86_64-linux-gnu
Thread model: posix
gcc version 9.3.0 (Ubuntu 9.3.0-17ubuntu1~20.04) 
configure:2893: $? = 0
configure:2882: cc -V >&5
cc: error: unrecognized command line option '-V'
cc: fatal error: no input files
compilation terminated.
configure:2893: $? = 1
configure:2882: cc -qversion >&5
cc: error: unrecognized command line option '-qversion'; did you mean '--version'?
cc: fatal error: no input files
compilation terminated.
configure:2893: $? = 1
configure:2913: checking whether the C compiler works
configure:2935: cc    conftest.c  >&5
configure:2939: $? = 0
configure:2987: result: yes
configure:2990: checking for C compiler default output file name
configure:2992: result: a.out
configure:2998: checking for suffix of executables
configure:3005: cc -o conftest    conftest.c  >&5
configure:3009: $? = 0
configure:3031: result: 
configure:3053: checking whether we are cross compiling
configure:3061: cc -o conftest    conftest.c  >&5
configure:3065: $? = 0
configure:3072: ./conftest
configure:3076: $? = 0
configure:3064: result: no
configure:3069: checking for suffix of object files
configure:3091: cc -c   conftest.c >&5
configure:3095: $? = 0
configure:3116: result: o
configure:3120: checking whether we are using the GNU C compiler
configure:3139: cc -c   conftest.c >&5
configure:3139: $? = 0
configure:3148: result: yes
configure:3157: checking whether cc accepts -g
configure:3177: cc -c -g  conftest.c >&5
configure:3177: $? = 0
configure:3218: result: yes
configure:3235: checking for cc option to accept ISO C89
configure:3298: cc  -c -g -O2  conftest.c >&5
configure:3298: $? = 0
configure:3311: result: none needed
configure:3337: checking how to run the C preprocessor
configure:3368: cc -E  conftest.c
configure:3368: $? = 0
configure:3382: cc -E  conftest.c
conftest.c:9:10: fatal error: ac_nonexistent.h: No such file or directory
    9 | #include <ac_nonexistent.h>
      |          ^~~~~~~~~~~~~~~~~~
compilation terminated.
configure:3382: $? = 1
configure: failed program was:
| /* confdefs.h */
| #define PACKAGE_NAME ""
| #define PACKAGE_TARNAME ""
| #define PACKAGE_VERSION ""
| #define PACKAGE_STRING ""
| #define PACKAGE_BUGREPORT ""
| #define PACKAGE_URL ""
| /* end confdefs.h.  */
| #include <ac_nonexistent.h>
configure:3407: result: cc -E
configure:3427: cc -E  conftest.c
configure:3427: $? = 0
configure:3441: cc -E  conftest.c
conftest.c:9:10: fatal error: ac_nonexistent.h: No such file or directory
    9 | #include <ac_nonexistent.h>
      |          ^~~~~~~~~~~~~~~~~~
compilation terminated.
configure:3441: $? = 1
configure: failed program was:
| /* confdefs.h */
| #define PACKAGE_NAME ""
| #define PACKAGE_TARNAME ""
| #define PACKAGE_VERSION ""
| #define PACKAGE_STRING ""
| #define PACKAGE_BUGREPORT ""
| #define PACKAGE_URL ""
| /* end confdefs.h.  */
| #include <ac_nonexistent.h>
configure:3472: checking for icc
configure:3481: result: no
configure:3495: checking for suncc
configure:3504: result: no
configure:3522: checking for system library directory
configure:3537: result: lib
configure:3544: checking if compiler supports -R
configure:3563: cc -o conftest -g -O2   conftest.c -R /usr/lib  >&5
cc: error: unrecognized command line option '-R'
configure:3563: $? = 1
configure: failed program was:
| /* confdefs.h */
| #define PACKAGE_NAME ""
| #define PACKAGE_TARNAME ""
| #define PACKAGE_VERSION ""
| #define PACKAGE_STRING ""
| #define PACKAGE_BUGREPORT ""
| #define PACKAGE_URL ""
| /* end confdefs.h.  */
| 
| int
| main ()
| {
| 
|   ;
|   return 0;
| }
configure:3573: result: no
configure:3578: checking if compiler supports -Wl,-rpath,
configure:3597: cc -o conftest -g -O2   conftest.c -Wl,-rpath,/usr/lib  >&5
configure:3597: $? = 0
configure:3607: result: yes
configure:3623: checking build system type
configure:3637: result: x86_64-pc-linux-gnu
configure:3657: checking host system type
configure:3670: result: x86_64-pc-linux-gnu
configure:3690: checking target system type
configure:3703: result: x86_64-pc-linux-gnu
configure:3806: checking for PHP prefix
configure:3808: result: /usr
configure:3810: checking for PHP includes
configure:3812: result: -I/usr/include/php/20190902 -I/usr/include/php/20190902/main -I/usr/include/php/20190902/TSRM -I/usr/include/php/20190902/Zend -I/usr/include/php/20190902/ext -I/usr/include/php/20190902/ext/date/lib
configure:3814: checking for PHP extension directory
configure:3816: result: /usr/lib/php/20190902
configure:3818: checking for PHP installed headers prefix
configure:3820: result: /usr/include/php/20190902
configure:3823: checking if debug is enabled
configure:3849: result: no
configure:3852: checking if zts is enabled
configure:3878: result: no
configure:3946: checking for gawk
configure:3963: found /usr/bin/gawk
configure:3974: result: gawk
configure:4018: checking whether to enable memcached support
configure:4057: result: yes, shared
configure:4066: checking for libmemcached
configure:4106: result: yes, shared
configure:4115: checking whether to enable memcached session handler support
configure:4129: result: yes
configure:4138: checking whether to enable memcached igbinary serializer support
configure:4152: result: no
configure:4161: checking whether to enable memcached json serializer support
configure:4175: result: no
configure:4184: checking whether to enable memcached msgpack serializer support
configure:4198: result: no
configure:4207: checking whether to enable memcached sasl support
configure:4221: result: yes
configure:4230: checking whether to enable memcached protocol support
configure:4244: result: no
configure:4253: checking whether to use system FastLZ library
configure:4268: result: no
configure:4278: checking for ZLIB
configure:4318: result: yes, shared
configure:4342: checking for pkg-config
configure:4373: result: no
configure:4382: result: pkg-config not found
configure:4384: error: Please reinstall the pkg-config distribution

## ---------------- ##
## Cache variables. ##
## ---------------- ##

ac_cv_build=x86_64-pc-linux-gnu
ac_cv_c_compiler_gnu=yes
ac_cv_env_CC_set=
ac_cv_env_CC_value=
ac_cv_env_CFLAGS_set=
ac_cv_env_CFLAGS_value=
ac_cv_env_CPPFLAGS_set=
ac_cv_env_CPPFLAGS_value=
ac_cv_env_CPP_set=
ac_cv_env_CPP_value=
ac_cv_env_LDFLAGS_set=
ac_cv_env_LDFLAGS_value=
ac_cv_env_LIBS_set=
ac_cv_env_LIBS_value=
ac_cv_env_PKG_CONFIG_LIBDIR_set=
ac_cv_env_PKG_CONFIG_LIBDIR_value=
ac_cv_env_PKG_CONFIG_PATH_set=
ac_cv_env_PKG_CONFIG_PATH_value=
ac_cv_env_PKG_CONFIG_set=
ac_cv_env_PKG_CONFIG_value=
ac_cv_env_build_alias_set=
ac_cv_env_build_alias_value=
ac_cv_env_host_alias_set=
ac_cv_env_host_alias_value=
ac_cv_env_target_alias_set=
ac_cv_env_target_alias_value=
ac_cv_host=x86_64-pc-linux-gnu
ac_cv_objext=o
ac_cv_path_EGREP='/usr/bin/grep -E'
ac_cv_path_GREP=/usr/bin/grep
ac_cv_path_PKG_CONFIG=no
ac_cv_path_SED=/usr/bin/sed
ac_cv_prog_AWK=gawk
ac_cv_prog_CPP='cc -E'
ac_cv_prog_ac_ct_CC=cc
ac_cv_prog_cc_c89=
ac_cv_prog_cc_g=yes
ac_cv_target=x86_64-pc-linux-gnu
php_cv_cc_dashr=no
php_cv_cc_rpath=yes

## ----------------- ##
## Output variables. ##
## ----------------- ##

AR=''
AWK='gawk'
CC='cc'
CFLAGS='-g -O2'
CONFIGURE_COMMAND=' '\''./configure'\''  '\''--with-zlib-dir=/home/linuxbrew/.linuxbrew/Cellar/zlib/1.2.11/'\'''
CONFIGURE_OPTIONS=' '\''--with-zlib-dir=/home/linuxbrew/.linuxbrew/Cellar/zlib/1.2.11/'\'''
CPP='cc -E'
CPPFLAGS=''
DEFS=''
DSYMUTIL=''
ECHO='echo'
ECHO_C=''
ECHO_N='-n'
ECHO_T=''
EGREP='/usr/bin/grep -E'
EXEEXT=''
GREP='/usr/bin/grep'
LDFLAGS=''
LIBOBJS=''
LIBS=''
LIBTOOL=''
LN_S=''
LTLIBOBJS=''
NMEDIT=''
OBJEXT='o'
PACKAGE_BUGREPORT=''
PACKAGE_NAME=''
PACKAGE_STRING=''
PACKAGE_TARNAME=''
PACKAGE_URL=''
PACKAGE_VERSION=''
PATH_SEPARATOR=':'
PKG_CONFIG='no'
PKG_CONFIG_LIBDIR=''
PKG_CONFIG_PATH=''
RANLIB=''
SED='/usr/bin/sed'
SHELL='/bin/bash'
SHLIB_DL_SUFFIX_NAME='so'
SHLIB_SUFFIX_NAME='so'
STRIP=''
ac_ct_CC='cc'
bindir='${exec_prefix}/bin'
build='x86_64-pc-linux-gnu'
build_alias=''
build_cpu='x86_64'
build_os='linux-gnu'
build_vendor='pc'
datadir='${datarootdir}'
datarootdir='${prefix}/share'
docdir='${datarootdir}/doc/${PACKAGE}'
dvidir='${docdir}'
exec_prefix='NONE'
host='x86_64-pc-linux-gnu'
host_alias='x86_64-pc-linux-gnu'
host_cpu='x86_64'
host_os='linux-gnu'
host_vendor='pc'
htmldir='${docdir}'
includedir='${prefix}/include'
infodir='${datarootdir}/info'
libdir='${exec_prefix}/lib'
libexecdir='${exec_prefix}/libexec'
localedir='${datarootdir}/locale'
localstatedir='${prefix}/var'
mandir='${datarootdir}/man'
oldincludedir='/usr/include'
pdfdir='${docdir}'
prefix='/usr'
program_transform_name='s,x,x,'
psdir='${docdir}'
runstatedir='${localstatedir}/run'
sbindir='${exec_prefix}/sbin'
sharedstatedir='${prefix}/com'
sysconfdir='${prefix}/etc'
target='x86_64-pc-linux-gnu'
target_alias=''
target_cpu='x86_64'
target_os='linux-gnu'
target_vendor='pc'

## ----------- ##
## confdefs.h. ##
## ----------- ##

/* confdefs.h */
#define PACKAGE_NAME ""
#define PACKAGE_TARNAME ""
#define PACKAGE_VERSION ""
#define PACKAGE_STRING ""
#define PACKAGE_BUGREPORT ""
#define PACKAGE_URL ""

configure: exit 1
